Finished full region cmat (time = 940.2 sec)
Starting brain 2017-10-30_2.nii.gz
Finished brain 2017-10-30_2.nii.gz (time = 1319.6 sec)
Starting brain 2017-10-26_1.nii.gz
Finished brain 2017-10-26_1.nii.gz (time = 1080.2 sec)
Starting brain 2018-11-03_2.nii.gz
Finished brain 2018-11-03_2.nii.gz (time = 969.7 sec)
Starting brain 2017-11-16_1.nii.gz
Finished brain 2017-11-16_1.nii.gz (time = 1380.7 sec)
Starting brain 2018-10-20_1.nii.gz
Finished brain 2018-10-20_1.nii.gz (time = 1068.4 sec)
Starting brain 2018-11-03_4.nii.gz
Finished brain 2018-11-03_4.nii.gz (time = 1110.9 sec)
Starting brain 2018-11-03_5.nii.gz
Finished brain 2018-11-03_5.nii.gz (time = 1067.3 sec)
Starting brain 2018-10-19_2.nii.gz
Finished brain 2018-10-19_2.nii.gz (time = 879.5 sec)
Starting brain 2018-10-31_1.nii.gz
Finished brain 2018-10-31_1.nii.gz (time = 1083.3 sec)
Starting brain 2017-11-08_2.nii.gz
Finished brain 2017-11-08_2.nii.gz (time = 3406.0 sec)
Starting brain 2018-10-19_1.nii.gz
Finished brain 2018-10-19_1.nii.gz (time = 814.4 sec)
Starting brain 2017-11-08_1.nii.gz
Finished brain 2017-11-08_1.nii.gz (time = 3346.5 sec)
Starting brain 2018-11-03_3.nii.gz
Finished brain 2018-11-03_3.nii.gz (time = 1034.7 sec)
Starting brain 2017-10-30_1.nii.gz
Finished brain 2017-10-30_1.nii.gz (time = 1392.6 sec)
Finished all brains, saved full and population cmats at /oak/stanford/groups/trc/data/Max/flynet/analysis/subsampled_cmats_20200619.npy
Total time = 20895.3 sec)
